[debug] [2025-04-18T10:33:32.545Z] ----------------------------------------------------------------------
[debug] [2025-04-18T10:33:32.548Z] Command:       C:\Program Files\nodejs\node.exe C:\Users\Rakib Hasan\AppData\Roaming\npm\node_modules\firebase-tools\lib\bin\firebase.js init
[debug] [2025-04-18T10:33:32.548Z] CLI Version:   14.2.0
[debug] [2025-04-18T10:33:32.548Z] Platform:      win32
[debug] [2025-04-18T10:33:32.548Z] Node Version:  v22.14.0
[debug] [2025-04-18T10:33:32.549Z] Time:          Fri Apr 18 2025 16:33:32 GMT+0600 (Bangladesh Standard Time)
[debug] [2025-04-18T10:33:32.549Z] ----------------------------------------------------------------------
[debug] 
[debug] [2025-04-18T10:33:32.755Z] > command requires scopes: ["email","openid","https://www.googleapis.com/auth/cloudplatformprojects.readonly","https://www.googleapis.com/auth/firebase","https://www.googleapis.com/auth/cloud-platform"]
[debug] [2025-04-18T10:33:32.756Z] > authorizing via signed-in user (rakibpsp@gmail.com)
[info] 
     ######## #### ########  ######## ########     ###     ######  ########
     ##        ##  ##     ## ##       ##     ##  ##   ##  ##       ##
     ######    ##  ########  ######   ########  #########  ######  ######
     ##        ##  ##    ##  ##       ##     ## ##     ##       ## ##
     ##       #### ##     ## ######## ########  ##     ##  ######  ########

You're about to initialize a Firebase project in this directory:

  C:\Users\Rakib Hasan\OneDrive\Desktop\pdf-quiz\pdf-quiz\src\main\resources\static

Before we get started, keep in mind:

  * You are initializing within an existing Firebase project directory

